  main.c
C:\Users\rosie\source\repos\ShapeUpWin\ShapeUpWin\src\main.c(16,9): warning C4068: unknown pragma 'clang'
C:\Users\rosie\source\repos\ShapeUpWin\ShapeUpWin\src\main.c(17,9): warning C4068: unknown pragma 'clang'
C:\Users\rosie\source\repos\ShapeUpWin\ShapeUpWin\src\main.c(33,9): warning C4068: unknown pragma 'clang'
C:\Users\rosie\source\repos\ShapeUpWin\ShapeUpWin\src\main.c(202,17): warning C4305: 'initializing': truncation from 'double' to 'const float'
C:\Users\rosie\source\repos\ShapeUpWin\ShapeUpWin\src\main.c(319,42): warning C4244: '+=': conversion from 'double' to 'float', possible loss of data
C:\Users\rosie\source\repos\ShapeUpWin\ShapeUpWin\src\main.c(324,42): warning C4244: '-=': conversion from 'double' to 'float', possible loss of data
C:\Users\rosie\source\repos\ShapeUpWin\ShapeUpWin\src\main.c(401,39): warning C4305: 'function': truncation from 'double' to 'float'
C:\Users\rosie\source\repos\ShapeUpWin\ShapeUpWin\src\main.c(492,101): warning C4305: 'function': truncation from 'double' to 'float'
C:\Users\rosie\source\repos\ShapeUpWin\ShapeUpWin\src\main.c(451,32): warning C4244: 'initializing': conversion from 'double' to 'float', possible loss of data
C:\Users\rosie\source\repos\ShapeUpWin\ShapeUpWin\src\main.c(452,32): warning C4244: 'initializing': conversion from 'double' to 'float', possible loss of data
C:\Users\rosie\source\repos\ShapeUpWin\ShapeUpWin\src\main.c(453,32): warning C4244: 'initializing': conversion from 'double' to 'float', possible loss of data
C:\Users\rosie\source\repos\ShapeUpWin\ShapeUpWin\src\main.c(454,32): warning C4244: 'initializing': conversion from 'double' to 'float', possible loss of data
C:\Users\rosie\source\repos\ShapeUpWin\ShapeUpWin\src\main.c(455,32): warning C4244: 'initializing': conversion from 'double' to 'float', possible loss of data
C:\Users\rosie\source\repos\ShapeUpWin\ShapeUpWin\src\main.c(456,32): warning C4244: 'initializing': conversion from 'double' to 'float', possible loss of data
C:\Users\rosie\source\repos\ShapeUpWin\ShapeUpWin\src\main.c(1080,35): warning C4244: 'function': conversion from 'const int' to 'float', possible loss of data
C:\Users\rosie\source\repos\ShapeUpWin\ShapeUpWin\src\main.c(1083,32): warning C4244: 'function': conversion from 'const int' to 'float', possible loss of data
C:\Users\rosie\source\repos\ShapeUpWin\ShapeUpWin\src\main.c(1083,47): warning C4244: 'function': conversion from 'const int' to 'float', possible loss of data
C:\Users\rosie\source\repos\ShapeUpWin\ShapeUpWin\src\main.c(1086,32): warning C4244: 'function': conversion from 'const int' to 'float', possible loss of data
C:\Users\rosie\source\repos\ShapeUpWin\ShapeUpWin\src\main.c(1026,17): warning C4305: 'initializing': truncation from 'double' to 'const float'
C:\Users\rosie\source\repos\ShapeUpWin\ShapeUpWin\src\main.c(1204,27): warning C4244: 'function': conversion from 'int' to 'float', possible loss of data
C:\Users\rosie\source\repos\ShapeUpWin\ShapeUpWin\src\main.c(1204,32): warning C4244: 'function': conversion from 'int' to 'float', possible loss of data
C:\Users\rosie\source\repos\ShapeUpWin\ShapeUpWin\src\main.c(1205,25): warning C4244: 'function': conversion from 'int' to 'float', possible loss of data
C:\Users\rosie\source\repos\ShapeUpWin\ShapeUpWin\src\main.c(1205,30): warning C4244: 'function': conversion from 'int' to 'float', possible loss of data
C:\Users\rosie\source\repos\ShapeUpWin\ShapeUpWin\src\main.c(1207,27): warning C4244: 'function': conversion from 'int' to 'float', possible loss of data
C:\Users\rosie\source\repos\ShapeUpWin\ShapeUpWin\src\main.c(1207,32): warning C4244: 'function': conversion from 'int' to 'float', possible loss of data
C:\Users\rosie\source\repos\ShapeUpWin\ShapeUpWin\src\main.c(1208,25): warning C4244: 'function': conversion from 'int' to 'float', possible loss of data
C:\Users\rosie\source\repos\ShapeUpWin\ShapeUpWin\src\main.c(1208,30): warning C4244: 'function': conversion from 'int' to 'float', possible loss of data
C:\Users\rosie\source\repos\ShapeUpWin\ShapeUpWin\src\main.c(1210,27): warning C4244: 'function': conversion from 'int' to 'float', possible loss of data
C:\Users\rosie\source\repos\ShapeUpWin\ShapeUpWin\src\main.c(1210,32): warning C4244: 'function': conversion from 'int' to 'float', possible loss of data
C:\Users\rosie\source\repos\ShapeUpWin\ShapeUpWin\src\main.c(1211,25): warning C4244: 'function': conversion from 'int' to 'float', possible loss of data
C:\Users\rosie\source\repos\ShapeUpWin\ShapeUpWin\src\main.c(1211,30): warning C4244: 'function': conversion from 'int' to 'float', possible loss of data
C:\Users\rosie\source\repos\ShapeUpWin\ShapeUpWin\src\main.c(1213,27): warning C4244: 'function': conversion from 'int' to 'float', possible loss of data
C:\Users\rosie\source\repos\ShapeUpWin\ShapeUpWin\src\main.c(1213,32): warning C4244: 'function': conversion from 'int' to 'float', possible loss of data
C:\Users\rosie\source\repos\ShapeUpWin\ShapeUpWin\src\main.c(1214,25): warning C4244: 'function': conversion from 'int' to 'float', possible loss of data
C:\Users\rosie\source\repos\ShapeUpWin\ShapeUpWin\src\main.c(1214,30): warning C4244: 'function': conversion from 'int' to 'float', possible loss of data
C:\Users\rosie\source\repos\ShapeUpWin\ShapeUpWin\src\main.c(1180,25): warning C4244: 'initializing': conversion from 'double' to 'const float', possible loss of data
C:\Users\rosie\source\repos\ShapeUpWin\ShapeUpWin\src\main.c(1437,106): warning C4305: 'initializing': truncation from 'double' to 'float'
C:\Users\rosie\source\repos\ShapeUpWin\ShapeUpWin\src\main.c(1437,112): warning C4305: 'function': truncation from 'double' to 'float'
C:\Users\rosie\source\repos\ShapeUpWin\ShapeUpWin\src\main.c(1445,113): warning C4305: 'initializing': truncation from 'double' to 'float'
C:\Users\rosie\source\repos\ShapeUpWin\ShapeUpWin\src\main.c(1445,119): warning C4305: 'function': truncation from 'double' to 'float'
C:\Users\rosie\source\repos\ShapeUpWin\ShapeUpWin\src\main.c(1453,113): warning C4305: 'initializing': truncation from 'double' to 'float'
C:\Users\rosie\source\repos\ShapeUpWin\ShapeUpWin\src\main.c(1453,119): warning C4305: 'function': truncation from 'double' to 'float'
C:\Users\rosie\source\repos\ShapeUpWin\ShapeUpWin\src\main.c(1463,130): warning C4305: 'function': truncation from 'double' to 'float'
C:\Users\rosie\source\repos\ShapeUpWin\ShapeUpWin\src\main.c(1472,128): warning C4305: 'function': truncation from 'double' to 'float'
C:\Users\rosie\source\repos\ShapeUpWin\ShapeUpWin\src\main.c(1481,128): warning C4305: 'function': truncation from 'double' to 'float'
C:\Users\rosie\source\repos\ShapeUpWin\ShapeUpWin\src\main.c(1588,97): warning C4305: 'function': truncation from 'double' to 'float'
C:\Users\rosie\source\repos\ShapeUpWin\ShapeUpWin\src\main.c(1589,63): warning C4305: '*=': truncation from 'double' to 'float'
C:\Users\rosie\source\repos\ShapeUpWin\ShapeUpWin\src\main.c(1592,97): warning C4305: 'function': truncation from 'double' to 'float'
C:\Users\rosie\source\repos\ShapeUpWin\ShapeUpWin\src\main.c(1593,63): warning C4305: '*=': truncation from 'double' to 'float'
C:\Users\rosie\source\repos\ShapeUpWin\ShapeUpWin\src\main.c(1599,65): warning C4305: '*=': truncation from 'double' to 'float'
C:\Users\rosie\source\repos\ShapeUpWin\ShapeUpWin\src\main.c(1602,60): warning C4244: '=': conversion from 'double' to 'float', possible loss of data
C:\Users\rosie\source\repos\ShapeUpWin\ShapeUpWin\src\main.c(1606,67): warning C4305: '*=': truncation from 'double' to 'float'
C:\Users\rosie\source\repos\ShapeUpWin\ShapeUpWin\src\main.c(1610,73): warning C4244: 'function': conversion from 'double' to 'float', possible loss of data
C:\Users\rosie\source\repos\ShapeUpWin\ShapeUpWin\src\main.c(1695,43): warning C4305: 'function': truncation from 'double' to 'float'
C:\Users\rosie\source\repos\ShapeUpWin\ShapeUpWin\src\main.c(1714,45): warning C4305: 'function': truncation from 'double' to 'float'
C:\Users\rosie\source\repos\ShapeUpWin\ShapeUpWin\src\main.c(1742,84): warning C4305: 'function': truncation from 'double' to 'float'
C:\Users\rosie\source\repos\ShapeUpWin\ShapeUpWin\src\main.c(1742,87): warning C4305: 'function': truncation from 'double' to 'float'
C:\Users\rosie\source\repos\ShapeUpWin\ShapeUpWin\src\main.c(1742,90): warning C4305: 'function': truncation from 'double' to 'float'
C:\Users\rosie\source\repos\ShapeUpWin\ShapeUpWin\src\main.c(1745,78): warning C4305: 'initializing': truncation from 'double' to 'float'
C:\Users\rosie\source\repos\ShapeUpWin\ShapeUpWin\src\main.c(1745,84): warning C4305: 'function': truncation from 'double' to 'float'
C:\Users\rosie\source\repos\ShapeUpWin\ShapeUpWin\src\main.c(1750,84): warning C4305: 'function': truncation from 'double' to 'float'
C:\Users\rosie\source\repos\ShapeUpWin\ShapeUpWin\src\main.c(1750,87): warning C4305: 'function': truncation from 'double' to 'float'
C:\Users\rosie\source\repos\ShapeUpWin\ShapeUpWin\src\main.c(1750,90): warning C4305: 'function': truncation from 'double' to 'float'
C:\Users\rosie\source\repos\ShapeUpWin\ShapeUpWin\src\main.c(1753,78): warning C4305: 'initializing': truncation from 'double' to 'float'
C:\Users\rosie\source\repos\ShapeUpWin\ShapeUpWin\src\main.c(1753,84): warning C4305: 'function': truncation from 'double' to 'float'
C:\Users\rosie\source\repos\ShapeUpWin\ShapeUpWin\src\main.c(1758,84): warning C4305: 'function': truncation from 'double' to 'float'
C:\Users\rosie\source\repos\ShapeUpWin\ShapeUpWin\src\main.c(1758,87): warning C4305: 'function': truncation from 'double' to 'float'
C:\Users\rosie\source\repos\ShapeUpWin\ShapeUpWin\src\main.c(1758,90): warning C4305: 'function': truncation from 'double' to 'float'
C:\Users\rosie\source\repos\ShapeUpWin\ShapeUpWin\src\main.c(1761,79): warning C4305: 'initializing': truncation from 'double' to 'float'
C:\Users\rosie\source\repos\ShapeUpWin\ShapeUpWin\src\main.c(1761,85): warning C4305: 'function': truncation from 'double' to 'float'
C:\Users\rosie\source\repos\ShapeUpWin\ShapeUpWin\src\main.c(1777,42): warning C4244: 'initializing': conversion from 'int' to 'float', possible loss of data
C:\Users\rosie\source\repos\ShapeUpWin\ShapeUpWin\src\main.c(1778,43): warning C4244: 'initializing': conversion from 'int' to 'float', possible loss of data
C:\Users\rosie\source\repos\ShapeUpWin\ShapeUpWin\src\main.c(1782,43): warning C4244: 'initializing': conversion from 'double' to 'float', possible loss of data
C:\Users\rosie\source\repos\ShapeUpWin\ShapeUpWin\src\main.c(1789,43): warning C4244: 'initializing': conversion from 'int' to 'float', possible loss of data
C:\Users\rosie\source\repos\ShapeUpWin\ShapeUpWin\src\main.c(1792,54): warning C4244: 'initializing': conversion from 'int' to 'float', possible loss of data
C:\Users\rosie\source\repos\ShapeUpWin\ShapeUpWin\src\main.c(1794,54): warning C4244: 'initializing': conversion from 'int' to 'float', possible loss of data
C:\Users\rosie\source\repos\ShapeUpWin\ShapeUpWin\src\main.c(1796,55): warning C4244: 'initializing': conversion from 'int' to 'float', possible loss of data
C:\Users\rosie\source\repos\ShapeUpWin\ShapeUpWin\src\main.c(1800,43): warning C4244: 'initializing': conversion from 'int' to 'float', possible loss of data
C:\Users\rosie\source\repos\ShapeUpWin\ShapeUpWin\src\main.c(1803,54): warning C4244: 'initializing': conversion from 'int' to 'float', possible loss of data
C:\Users\rosie\source\repos\ShapeUpWin\ShapeUpWin\src\main.c(1805,54): warning C4244: 'initializing': conversion from 'int' to 'float', possible loss of data
C:\Users\rosie\source\repos\ShapeUpWin\ShapeUpWin\src\main.c(1807,55): warning C4244: 'initializing': conversion from 'int' to 'float', possible loss of data
C:\Users\rosie\source\repos\ShapeUpWin\ShapeUpWin\src\main.c(1811,43): warning C4244: 'initializing': conversion from 'int' to 'float', possible loss of data
C:\Users\rosie\source\repos\ShapeUpWin\ShapeUpWin\src\main.c(1814,54): warning C4244: 'initializing': conversion from 'int' to 'float', possible loss of data
C:\Users\rosie\source\repos\ShapeUpWin\ShapeUpWin\src\main.c(1816,54): warning C4244: 'initializing': conversion from 'int' to 'float', possible loss of data
C:\Users\rosie\source\repos\ShapeUpWin\ShapeUpWin\src\main.c(1818,55): warning C4244: 'initializing': conversion from 'int' to 'float', possible loss of data
C:\Users\rosie\source\repos\ShapeUpWin\ShapeUpWin\src\main.c(1825,43): warning C4244: 'initializing': conversion from 'int' to 'float', possible loss of data
C:\Users\rosie\source\repos\ShapeUpWin\ShapeUpWin\src\main.c(1828,47): warning C4244: 'initializing': conversion from 'int' to 'float', possible loss of data
C:\Users\rosie\source\repos\ShapeUpWin\ShapeUpWin\src\main.c(1832,47): warning C4244: 'initializing': conversion from 'int' to 'float', possible loss of data
C:\Users\rosie\source\repos\ShapeUpWin\ShapeUpWin\src\main.c(1832,82): warning C4305: 'function': truncation from 'double' to 'float'
C:\Users\rosie\source\repos\ShapeUpWin\ShapeUpWin\src\main.c(1836,47): warning C4244: 'initializing': conversion from 'int' to 'float', possible loss of data
C:\Users\rosie\source\repos\ShapeUpWin\ShapeUpWin\src\main.c(1836,82): warning C4305: 'function': truncation from 'double' to 'float'
C:\Users\rosie\source\repos\ShapeUpWin\ShapeUpWin\src\main.c(1847,55): warning C4244: 'initializing': conversion from 'int' to 'float', possible loss of data
C:\Users\rosie\source\repos\ShapeUpWin\ShapeUpWin\src\main.c(1848,56): warning C4244: 'initializing': conversion from 'int' to 'float', possible loss of data
C:\Users\rosie\source\repos\ShapeUpWin\ShapeUpWin\src\main.c(1850,48): warning C4244: 'initializing': conversion from 'int' to 'float', possible loss of data
C:\Users\rosie\source\repos\ShapeUpWin\ShapeUpWin\src\main.c(1852,44): warning C4244: 'initializing': conversion from 'int' to 'float', possible loss of data
C:\Users\rosie\source\repos\ShapeUpWin\ShapeUpWin\src\main.c(1854,47): warning C4244: 'initializing': conversion from 'int' to 'float', possible loss of data
C:\Users\rosie\source\repos\ShapeUpWin\ShapeUpWin\src\main.c(1856,46): warning C4244: 'initializing': conversion from 'int' to 'float', possible loss of data
C:\Users\rosie\source\repos\ShapeUpWin\ShapeUpWin\src\main.c(1858,47): warning C4244: 'initializing': conversion from 'int' to 'float', possible loss of data
C:\Users\rosie\source\repos\ShapeUpWin\ShapeUpWin\src\main.c(1902,51): warning C4244: 'initializing': conversion from 'int' to 'float', possible loss of data
C:\Users\rosie\source\repos\ShapeUpWin\ShapeUpWin\src\main.c(1902,54): warning C4244: 'initializing': conversion from 'const int' to 'float', possible loss of data
C:\Users\rosie\source\repos\ShapeUpWin\ShapeUpWin\src\main.c(1902,87): warning C4244: 'initializing': conversion from 'int' to 'float', possible loss of data
C:\Users\rosie\source\repos\ShapeUpWin\ShapeUpWin\src\main.c(1914,94): warning C4244: 'initializing': conversion from 'const int' to 'float', possible loss of data
C:\Users\rosie\source\repos\ShapeUpWin\ShapeUpWin\src\main.c(1924,107): warning C4244: 'initializing': conversion from 'int' to 'float', possible loss of data
C:\Users\rosie\source\repos\ShapeUpWin\ShapeUpWin\src\main.c(1924,111): warning C4244: 'initializing': conversion from 'const int' to 'float', possible loss of data
C:\Users\rosie\source\repos\ShapeUpWin\ShapeUpWin\src\main.c(1548,21): warning C4305: 'initializing': truncation from 'double' to 'const float'
C:\Users\rosie\source\repos\ShapeUpWin\ShapeUpWin\src\main.c(1549,21): warning C4305: 'initializing': truncation from 'double' to 'const float'
LINK : warning LNK4098: defaultlib 'MSVCRT' conflicts with use of other libs; use /NODEFAULTLIB:library
  ShapeUpWin.vcxproj -> C:\Users\rosie\source\repos\ShapeUpWin\x64\Debug\ShapeUpWin.exe
